<?xml version="1.0" encoding="UTF-8"?>
<testng-results total="2" passed="2" failed="0" skipped="0">
  <reporter-output>
  </reporter-output>
  <suite started-at="2021-07-16T12:16:22Z" name="Suite" finished-at="2021-07-16T12:16:50Z" duration-ms="27466">
    <groups>
    </groups>
    <test started-at="2021-07-16T12:16:22Z" name="Test" finished-at="2021-07-16T12:16:50Z" duration-ms="27466">
      <class name="challengetest.Tests">
        <test-method signature="testLogin()[pri:0, instance:challengetest.Tests@1bab8268]" started-at="2021-07-16T08:16:22Z" name="testLogin" finished-at="2021-07-16T08:16:46Z" duration-ms="23674" status="PASS">
          <reporter-output>
          </reporter-output>
        </test-method> <!-- testLogin -->
        <test-method signature="testLogout()[pri:0, instance:challengetest.Tests@1bab8268]" started-at="2021-07-16T08:16:46Z" name="testLogout" finished-at="2021-07-16T08:16:50Z" duration-ms="3765" status="PASS">
          <reporter-output>
          </reporter-output>
        </test-method> <!-- testLogout -->
      </class> <!-- challengetest.Tests -->
    </test> <!-- Test -->
  </suite> <!-- Suite -->
</testng-results>
